<?xml version="1.0" encoding="UTF-8"?>
<!-- Generated by org.testng.reporters.JUnitXMLReporter -->
<testsuite hostname="MSGN15168" ignored="0" name="Command line test" tests="10" failures="4" timestamp="23 Mai 2021 23:12:11 GMT" time="52.885" errors="0">
  <testcase name="check_sign_in_page" time="7.057" classname="pl.gov.nauka.radon.test.SignInPageTest"/>
  <testcase name="goToEmployeePage" time="0.722" classname="pl.gov.nauka.radon.test.FiltersPageTest"/>
  <testcase name="verifyHeader" time="0.019" classname="pl.gov.nauka.radon.test.HomePageTest"/>
  <testcase name="checkHyperlinks" time="6.45" classname="pl.gov.nauka.radon.test.HyperlinksPageTest"/>
  <testcase name="check_register_page" time="0.9" classname="pl.gov.nauka.radon.test.RegisterPageTest">
    <failure type="org.openqa.selenium.NoSuchElementException" message="no such element: Unable to locate element: {&amp;quot;method&amp;quot;:&amp;quot;xpath&amp;quot;,&amp;quot;selector&amp;quot;:&amp;quot;//a[contains(text(), &amp;apos;Zarejestruj&amp;apos;)]&amp;quot;}
  (Session info: chrome=90.0.4430.212)
For documentation on this error, please visit: http://seleniumhq.org/exceptions/no_such_element.html
Build info: version: &amp;apos;3.11.0&amp;apos;, revision: &amp;apos;e59cfb3&amp;apos;, time: &amp;apos;2018-03-11T20:26:55.152Z&amp;apos;
System info: host: &amp;apos;MSGN15168&amp;apos;, ip: &amp;apos;10.103.50.237&amp;apos;, os.name: &amp;apos;Windows 8.1&amp;apos;, os.arch: &amp;apos;x86&amp;apos;, os.version: &amp;apos;6.3&amp;apos;, java.version: &amp;apos;1.8.0_41&amp;apos;
Driver info: org.openqa.selenium.chrome.ChromeDriver
Capabilities {acceptInsecureCerts: false, browserName: chrome, browserVersion: 90.0.4430.212, chrome: {chromedriverVersion: 89.0.4389.23 (61b08ee2c5002..., userDataDir: C:\Users\pabiam\AppData\Loc...}, goog:chromeOptions: {debuggerAddress: localhost:51769}, javascriptEnabled: true, networkConnectionEnabled: false, pageLoadStrategy: normal, platform: WINDOWS, platformName: WINDOWS, proxy: Proxy(), setWindowRect: true, strictFileInteractability: false, timeouts: {implicit: 0, pageLoad: 300000, script: 30000}, unhandledPromptBehavior: dismiss and notify, webauthn:extension:largeBlob: true, webauthn:virtualAuthenticators: true}
Session ID: f2232b4e264daa2227ee5153f1f71939
*** Element info: {Using=xpath, value=//a[contains(text(), &amp;apos;Zarejestruj&amp;apos;)]}">
      <![CDATA[org.openqa.selenium.NoSuchElementException: no such element: Unable to locate element: {"method":"xpath","selector":"//a[contains(text(), 'Zarejestruj')]"}
  (Session info: chrome=90.0.4430.212)
For documentation on this error, please visit: http://seleniumhq.org/exceptions/no_such_element.html
Build info: version: '3.11.0', revision: 'e59cfb3', time: '2018-03-11T20:26:55.152Z'
System info: host: 'MSGN15168', ip: '10.103.50.237', os.name: 'Windows 8.1', os.arch: 'x86', os.version: '6.3', java.version: '1.8.0_41'
Driver info: org.openqa.selenium.chrome.ChromeDriver
Capabilities {acceptInsecureCerts: false, browserName: chrome, browserVersion: 90.0.4430.212, chrome: {chromedriverVersion: 89.0.4389.23 (61b08ee2c5002..., userDataDir: C:\Users\pabiam\AppData\Loc...}, goog:chromeOptions: {debuggerAddress: localhost:51769}, javascriptEnabled: true, networkConnectionEnabled: false, pageLoadStrategy: normal, platform: WINDOWS, platformName: WINDOWS, proxy: Proxy(), setWindowRect: true, strictFileInteractability: false, timeouts: {implicit: 0, pageLoad: 300000, script: 30000}, unhandledPromptBehavior: dismiss and notify, webauthn:extension:largeBlob: true, webauthn:virtualAuthenticators: true}
Session ID: f2232b4e264daa2227ee5153f1f71939
*** Element info: {Using=xpath, value=//a[contains(text(), 'Zarejestruj')]}
	at org.openqa.selenium.remote.http.W3CHttpResponseCodec.createException(W3CHttpResponseCodec.java:187)
	at org.openqa.selenium.remote.http.W3CHttpResponseCodec.decode(W3CHttpResponseCodec.java:122)
	at org.openqa.selenium.remote.http.W3CHttpResponseCodec.decode(W3CHttpResponseCodec.java:49)
	at org.openqa.selenium.remote.HttpCommandExecutor.execute(HttpCommandExecutor.java:158)
	at org.openqa.selenium.remote.service.DriverCommandExecutor.execute(DriverCommandExecutor.java:83)
	at org.openqa.selenium.remote.RemoteWebDriver.execute(RemoteWebDriver.java:545)
	at org.openqa.selenium.remote.RemoteWebDriver.findElement(RemoteWebDriver.java:319)
	at org.openqa.selenium.remote.RemoteWebDriver.findElementByXPath(RemoteWebDriver.java:421)
	at org.openqa.selenium.By$ByXPath.findElement(By.java:361)
	at org.openqa.selenium.remote.RemoteWebDriver.findElement(RemoteWebDriver.java:311)
	at org.openqa.selenium.support.pagefactory.DefaultElementLocator.findElement(DefaultElementLocator.java:69)
	at org.openqa.selenium.support.pagefactory.internal.LocatingElementHandler.invoke(LocatingElementHandler.java:38)
	at com.sun.proxy.$Proxy8.click(Unknown Source)
	at pl.gov.nauka.radon.pages.SignInPage.go_to_register_page(SignInPage.java:58)
	at pl.gov.nauka.radon.test.RegisterPageTest.check_register_page(RegisterPageTest.java:24)
... Removed 39 stack frames]]>
    </failure>
  </testcase> <!-- check_register_page -->
  <testcase name="check_search_results" time="0.0" classname="pl.gov.nauka.radon.test.SearchPageTest">
    <failure type="org.testng.TestNGException" message="
Parameter &amp;apos;searchPhrase&amp;apos; is required by @Test on method check_search_results but has not been marked @Optional or defined
">
      <![CDATA[org.testng.TestNGException: 
Parameter 'searchPhrase' is required by @Test on method check_search_results but has not been marked @Optional or defined

... Removed 33 stack frames]]>
    </failure>
  </testcase> <!-- check_search_results -->
  <testcase name="searchAndCheckResults" time="0.0" classname="pl.gov.nauka.radon.test.FiltersPageTest">
    <failure type="org.testng.TestNGException" message="
Parameter &amp;apos;firstName&amp;apos; is required by @Test on method searchAndCheckResults but has not been marked @Optional or defined
">
      <![CDATA[org.testng.TestNGException: 
Parameter 'firstName' is required by @Test on method searchAndCheckResults but has not been marked @Optional or defined

... Removed 33 stack frames]]>
    </failure>
  </testcase> <!-- searchAndCheckResults -->
  <testcase name="verifySearchPlaceholder" time="0.025" classname="pl.gov.nauka.radon.test.HomePageTest">
    <failure type="java.lang.AssertionError" message="expected [Wyszukaj w systemie] but found [Wyszukj w systemie]">
      <![CDATA[java.lang.AssertionError: expected [Wyszukaj w systemie] but found [Wyszukj w systemie]
	at pl.gov.nauka.radon.pages.HomePage.verifySearch(HomePage.java:51)
	at pl.gov.nauka.radon.test.HomePageTest.verifySearchPlaceholder(HomePageTest.java:21)
... Removed 41 stack frames]]>
    </failure>
  </testcase> <!-- verifySearchPlaceholder -->
  <testcase name="verifyContrastButtonDisabled" time="0.018" classname="pl.gov.nauka.radon.test.HomePageTest"/>
  <testcase name="verifyContrastButtonEnabled" time="0.085" classname="pl.gov.nauka.radon.test.HomePageTest"/>
</testsuite> <!-- Command line test -->
