<!DOCTYPE html PUBLIC "-//W3C//DTD XHTML 1.1//EN" "http://www.w3.org/TR/xhtml11/DTD/xhtml11.dtd">
<html xmlns="http://www.w3.org/1999/xhtml"><head><title>TestNG Report</title><style type="text/css">table {margin-bottom:10px;border-collapse:collapse;empty-cells:show}th,td {border:1px solid #009;padding:.25em .5em}th {vertical-align:bottom}td {vertical-align:top}table a {font-weight:bold}.stripe td {background-color: #E6EBF9}.num {text-align:right}.passedodd td {background-color: #3F3}.passedeven td {background-color: #0A0}.skippedodd td {background-color: #DDD}.skippedeven td {background-color: #CCC}.failedodd td,.attn {background-color: #F33}.failedeven td,.stripe .attn {background-color: #D00}.stacktrace {white-space:pre;font-family:monospace}.totop {font-size:85%;text-align:center;border-bottom:2px solid #000}</style></head><body><table><tr><th>Test</th><th># Passed</th><th># Skipped</th><th># Failed</th><th>Time (ms)</th><th>Included Groups</th><th>Excluded Groups</th></tr><tr><th colspan="7">Command line suite</th></tr><tr><td><a href="#t0">Command line test</a></td><td class="num">6</td><td class="num">0</td><td class="num attn">4</td><td class="num">52.885</td><td></td><td></td></tr></table><table><thead><tr><th>Class</th><th>Method</th><th>Start</th><th>Time (ms)</th></tr></thead><tbody><tr><th colspan="4">Command line suite</th></tr></tbody><tbody id="t0"><tr><th colspan="4">Command line test &#8212; failed</th></tr><tr class="failedeven"><td rowspan="1">pl.gov.nauka.radon.test.FiltersPageTest</td><td><a href="#m0">searchAndCheckResults</a></td><td rowspan="1">1621811530188</td><td rowspan="1">0</td></tr><tr class="failedodd"><td rowspan="1">pl.gov.nauka.radon.test.HomePageTest</td><td><a href="#m1">verifySearchPlaceholder</a></td><td rowspan="1">1621811530793</td><td rowspan="1">25</td></tr><tr class="failedeven"><td rowspan="1">pl.gov.nauka.radon.test.RegisterPageTest</td><td><a href="#m2">check_register_page</a></td><td rowspan="1">1621811521264</td><td rowspan="1">900</td></tr><tr class="failedodd"><td rowspan="1">pl.gov.nauka.radon.test.SearchPageTest</td><td><a href="#m3">check_search_results</a></td><td rowspan="1">1621811529064</td><td rowspan="1">0</td></tr><tr><th colspan="4">Command line test &#8212; passed</th></tr><tr class="passedeven"><td rowspan="1">pl.gov.nauka.radon.test.FiltersPageTest</td><td><a href="#m4">goToEmployeePage</a></td><td rowspan="1">1621811497054</td><td rowspan="1">722</td></tr><tr class="passedodd"><td rowspan="3">pl.gov.nauka.radon.test.HomePageTest</td><td><a href="#m5">verifyContrastButtonDisabled</a></td><td rowspan="1">1621811530818</td><td rowspan="1">18</td></tr><tr class="passedodd"><td><a href="#m6">verifyContrastButtonEnabled</a></td><td rowspan="1">1621811530836</td><td rowspan="1">85</td></tr><tr class="passedodd"><td><a href="#m7">verifyHeader</a></td><td rowspan="1">1621811503268</td><td rowspan="1">19</td></tr><tr class="passedeven"><td rowspan="1">pl.gov.nauka.radon.test.HyperlinksPageTest</td><td><a href="#m8">checkHyperlinks</a></td><td rowspan="1">1621811508858</td><td rowspan="1">6450</td></tr><tr class="passedodd"><td rowspan="1">pl.gov.nauka.radon.test.SignInPageTest</td><td><a href="#m9">check_sign_in_page</a></td><td rowspan="1">1621811484134</td><td rowspan="1">7057</td></tr></tbody></table><h2>Command line test</h2><h3 id="m0">pl.gov.nauka.radon.test.FiltersPageTest#searchAndCheckResults</h3><table class="result"><tr><th>Exception</th></tr><tr><td><div class="stacktrace">org.testng.TestNGException: 
Parameter &apos;firstName&apos; is required by @Test on method searchAndCheckResults but has not been marked @Optional or defined

... Removed 33 stack frames</div></td></tr></table><p class="totop"><a href="#summary">back to summary</a></p><h3 id="m1">pl.gov.nauka.radon.test.HomePageTest#verifySearchPlaceholder</h3><table class="result"><tr><th>Exception</th></tr><tr><td><div class="stacktrace">java.lang.AssertionError: expected [Wyszukaj w systemie] but found [Wyszukj w systemie]
	at pl.gov.nauka.radon.pages.HomePage.verifySearch(HomePage.java:51)
	at pl.gov.nauka.radon.test.HomePageTest.verifySearchPlaceholder(HomePageTest.java:21)
... Removed 41 stack frames</div></td></tr></table><p class="totop"><a href="#summary">back to summary</a></p><h3 id="m2">pl.gov.nauka.radon.test.RegisterPageTest#check_register_page</h3><table class="result"><tr><th>Exception</th></tr><tr><td><div class="stacktrace">org.openqa.selenium.NoSuchElementException: no such element: Unable to locate element: {&quot;method&quot;:&quot;xpath&quot;,&quot;selector&quot;:&quot;//a[contains(text(), &apos;Zarejestruj&apos;)]&quot;}
  (Session info: chrome=90.0.4430.212)
For documentation on this error, please visit: http://seleniumhq.org/exceptions/no_such_element.html
Build info: version: &apos;3.11.0&apos;, revision: &apos;e59cfb3&apos;, time: &apos;2018-03-11T20:26:55.152Z&apos;
System info: host: &apos;MSGN15168&apos;, ip: &apos;10.103.50.237&apos;, os.name: &apos;Windows 8.1&apos;, os.arch: &apos;x86&apos;, os.version: &apos;6.3&apos;, java.version: &apos;1.8.0_41&apos;
Driver info: org.openqa.selenium.chrome.ChromeDriver
Capabilities {acceptInsecureCerts: false, browserName: chrome, browserVersion: 90.0.4430.212, chrome: {chromedriverVersion: 89.0.4389.23 (61b08ee2c5002..., userDataDir: C:\Users\pabiam\AppData\Loc...}, goog:chromeOptions: {debuggerAddress: localhost:51769}, javascriptEnabled: true, networkConnectionEnabled: false, pageLoadStrategy: normal, platform: WINDOWS, platformName: WINDOWS, proxy: Proxy(), setWindowRect: true, strictFileInteractability: false, timeouts: {implicit: 0, pageLoad: 300000, script: 30000}, unhandledPromptBehavior: dismiss and notify, webauthn:extension:largeBlob: true, webauthn:virtualAuthenticators: true}
Session ID: f2232b4e264daa2227ee5153f1f71939
*** Element info: {Using=xpath, value=//a[contains(text(), &apos;Zarejestruj&apos;)]}
	at org.openqa.selenium.remote.http.W3CHttpResponseCodec.createException(W3CHttpResponseCodec.java:187)
	at org.openqa.selenium.remote.http.W3CHttpResponseCodec.decode(W3CHttpResponseCodec.java:122)
	at org.openqa.selenium.remote.http.W3CHttpResponseCodec.decode(W3CHttpResponseCodec.java:49)
	at org.openqa.selenium.remote.HttpCommandExecutor.execute(HttpCommandExecutor.java:158)
	at org.openqa.selenium.remote.service.DriverCommandExecutor.execute(DriverCommandExecutor.java:83)
	at org.openqa.selenium.remote.RemoteWebDriver.execute(RemoteWebDriver.java:545)
	at org.openqa.selenium.remote.RemoteWebDriver.findElement(RemoteWebDriver.java:319)
	at org.openqa.selenium.remote.RemoteWebDriver.findElementByXPath(RemoteWebDriver.java:421)
	at org.openqa.selenium.By$ByXPath.findElement(By.java:361)
	at org.openqa.selenium.remote.RemoteWebDriver.findElement(RemoteWebDriver.java:311)
	at org.openqa.selenium.support.pagefactory.DefaultElementLocator.findElement(DefaultElementLocator.java:69)
	at org.openqa.selenium.support.pagefactory.internal.LocatingElementHandler.invoke(LocatingElementHandler.java:38)
	at com.sun.proxy.$Proxy8.click(Unknown Source)
	at pl.gov.nauka.radon.pages.SignInPage.go_to_register_page(SignInPage.java:58)
	at pl.gov.nauka.radon.test.RegisterPageTest.check_register_page(RegisterPageTest.java:24)
... Removed 39 stack frames</div></td></tr></table><p class="totop"><a href="#summary">back to summary</a></p><h3 id="m3">pl.gov.nauka.radon.test.SearchPageTest#check_search_results</h3><table class="result"><tr><th>Exception</th></tr><tr><td><div class="stacktrace">org.testng.TestNGException: 
Parameter &apos;searchPhrase&apos; is required by @Test on method check_search_results but has not been marked @Optional or defined

... Removed 33 stack frames</div></td></tr></table><p class="totop"><a href="#summary">back to summary</a></p><h3 id="m4">pl.gov.nauka.radon.test.FiltersPageTest#goToEmployeePage</h3><table class="result"></table><p class="totop"><a href="#summary">back to summary</a></p><h3 id="m5">pl.gov.nauka.radon.test.HomePageTest#verifyContrastButtonDisabled</h3><table class="result"></table><p class="totop"><a href="#summary">back to summary</a></p><h3 id="m6">pl.gov.nauka.radon.test.HomePageTest#verifyContrastButtonEnabled</h3><table class="result"></table><p class="totop"><a href="#summary">back to summary</a></p><h3 id="m7">pl.gov.nauka.radon.test.HomePageTest#verifyHeader</h3><table class="result"></table><p class="totop"><a href="#summary">back to summary</a></p><h3 id="m8">pl.gov.nauka.radon.test.HyperlinksPageTest#checkHyperlinks</h3><table class="result"></table><p class="totop"><a href="#summary">back to summary</a></p><h3 id="m9">pl.gov.nauka.radon.test.SignInPageTest#check_sign_in_page</h3><table class="result"></table><p class="totop"><a href="#summary">back to summary</a></p></body></html>